make all --print-data-base --no-builtin-variables --no-builtin-rules --question
# GNU Make 3.81
# Copyright (C) 2006  Free Software Foundation, Inc.
# This is free software; see the source for copying conditions.
# There is NO warranty; not even for MERCHANTABILITY or FITNESS FOR A
# PARTICULAR PURPOSE.

# This program built for i386-apple-darwin11.3.0
 

# Make data base, printed on Tue Aug 16 10:05:13 2022

# Variables

# automatic
<D = $(patsubst %/,%,$(dir $<))
# automatic
?F = $(notdir $?)
# environment
GATEWAY_VM_OPTIONS = /Users/grayson/Documents/ja-netfilter-all/vmoptions/gateway.vmoptions
# automatic
?D = $(patsubst %/,%,$(dir $?))
# environment
BASH_SILENCE_DEPRECATION_WARNING = 1
# environment
WEBSTORM_VM_OPTIONS = /Users/grayson/Documents/ja-netfilter-all/vmoptions/webstorm.vmoptions
# automatic
@D = $(patsubst %/,%,$(dir $@))
# automatic
@F = $(notdir $@)
# makefile
CURDIR := /Users/grayson/Dev/github/code_notebook/c/src/socket
# makefile
SHELL = /bin/sh
# environment
APPCODE_VM_OPTIONS = /Users/grayson/Documents/ja-netfilter-all/vmoptions/appcode.vmoptions
# environment
VSCODE_NLS_CONFIG = {"locale":"zh-cn","availableLanguages":{"*":"zh-cn"},"_languagePackId":"08bdb29c43b4c03defdaaecc51ad48b6.zh-cn","_translationsConfigFile":"/Users/grayson/Library/Application Support/Code/clp/08bdb29c43b4c03defdaaecc51ad48b6.zh-cn/tcf.json","_cacheRoot":"/Users/grayson/Library/Application Support/Code/clp/08bdb29c43b4c03defdaaecc51ad48b6.zh-cn","_resolvedLanguagePackCoreLocation":"/Users/grayson/Library/Application Support/Code/clp/08bdb29c43b4c03defdaaecc51ad48b6.zh-cn/6d9b74a70ca9c7733b29f0456fd8195364076dda","_corruptedFile":"/Users/grayson/Library/Application Support/Code/clp/08bdb29c43b4c03defdaaecc51ad48b6.zh-cn/corrupted.info","_languagePackSupport":true}
# environment
_ = /usr/bin/make
# makefile (from `Makefile', line 2)
CFLAGS = -g
# environment
MAVEN_HOME = /Users/grayson/Dev/src/java/apache-maven-3.6.1
# makefile (from `Makefile', line 1)
MAKEFILE_LIST :=  Makefile
# environment
GO111MODULE = on
# environment
__CFBundleIdentifier = com.microsoft.VSCode
# environment
WEBIDE_VM_OPTIONS = /Users/grayson/Documents/ja-netfilter-all/vmoptions/webide.vmoptions
# makefile (from `Makefile', line 3)
INCS = -I/Users/grayson/Dev/src/openssl/MacOS_10.14/openssl-1.1.1m/include
# environment
VSCODE_CWD = /
# environment
PATH = /Users/grayson/Dev/src/java/apache-maven-3.6.1/bin:/usr/local/bin:/usr/bin:/bin:/usr/sbin:/sbin:/Applications/VMware Fusion.app/Contents/Public:/usr/local/go/bin:/Library/Apple/usr/bin:/Library/Frameworks/Mono.framework/Versions/Current/Commands:/Applications/Wireshark.app/Contents/MacOS:/Users/grayson/Dev/src/java/apache-maven-3.6.1/bin
# environment
PHPSTORM_VM_OPTIONS = /Users/grayson/Documents/ja-netfilter-all/vmoptions/phpstorm.vmoptions
# environment
GOPATH = /Users/grayson/go
# environment
GOLAND_VM_OPTIONS = /Users/grayson/Documents/ja-netfilter-all/vmoptions/goland.vmoptions
# environment
ELECTRON_RUN_AS_NODE = 1
# environment
JETBRAINSCLIENT_VM_OPTIONS = /Users/grayson/Documents/ja-netfilter-all/vmoptions/jetbrainsclient.vmoptions
# default
.FEATURES := target-specific order-only second-expansion else-if archives jobserver check-symlink
# environment
IDEA_VM_OPTIONS = /Users/grayson/Documents/ja-netfilter-all/vmoptions/idea.vmoptions
# environment
DATASPELL_VM_OPTIONS = /Users/grayson/Documents/ja-netfilter-all/vmoptions/dataspell.vmoptions
# environment
SSH_AUTH_SOCK = /private/tmp/com.apple.launchd.DrnXYFIHlp/Listeners
# automatic
%F = $(notdir $%)
# environment
PWD = /Users/grayson/Dev/github/code_notebook/c/src/socket
# environment
JETBRAINS_CLIENT_VM_OPTIONS = /Users/grayson/Documents/ja-netfilter-all/vmoptions/jetbrains_client.vmoptions
# environment
ORIGINAL_XDG_CURRENT_DESKTOP = undefined
# makefile (from `Makefile', line 5)
SHLD = $(CC) $(CFLAGS)
# environment
VSCODE_AMD_ENTRYPOINT = vs/workbench/api/node/extensionHostProcess
# environment
HOME = /Users/grayson
# environment
RIDER_VM_OPTIONS = /Users/grayson/Documents/ja-netfilter-all/vmoptions/rider.vmoptions
# default
MAKEFILEPATH := /Applications/Xcode.app/Contents/Developer/Makefiles
# environment
VSCODE_CODE_CACHE_PATH = /Users/grayson/Library/Application Support/Code/CachedData/6d9b74a70ca9c7733b29f0456fd8195364076dda
# environment
LOGNAME = grayson
# environment
APPLICATION_INSIGHTS_NO_DIAGNOSTIC_CHANNEL = true
# environment
VSCODE_HANDLES_UNCAUGHT_ERRORS = true
# automatic
^D = $(patsubst %/,%,$(dir $^))
# environment
XPC_FLAGS = 0x0
# default
MAKE = $(MAKE_COMMAND)
# default
MAKECMDGOALS := all
# environment
SHLVL = 2
# makefile (from `Makefile', line 1)
CC = gcc
# default
MAKE_VERSION := 3.81
# environment
USER = grayson
# makefile
.DEFAULT_GOAL := all
# environment
GOROOT = /usr/local/go
# automatic
%D = $(patsubst %/,%,$(dir $%))
# default
MAKE_COMMAND := /Applications/Xcode.app/Contents/Developer/usr/bin/make
# default
.VARIABLES := 
# environment
TMPDIR = /var/folders/8l/m9ld626d6sn8199vxl0n6fp00000gn/T/
# automatic
*F = $(notdir $*)
# environment
VSCODE_IPC_HOOK = /Users/grayson/Library/Application Support/Code/1.70.1-main.sock
# environment
MallocNanoZone = 0
# makefile
MAKEFLAGS = Rrqp
# environment
MFLAGS = -Rrqp
# automatic
*D = $(patsubst %/,%,$(dir $*))
# environment
XPC_SERVICE_NAME = application.com.microsoft.VSCode.599901695.599901701
# automatic
+D = $(patsubst %/,%,$(dir $+))
# environment
DATAGRIP_VM_OPTIONS = /Users/grayson/Documents/ja-netfilter-all/vmoptions/datagrip.vmoptions
# automatic
+F = $(notdir $+)
# environment
RUBYMINE_VM_OPTIONS = /Users/grayson/Documents/ja-netfilter-all/vmoptions/rubymine.vmoptions
# environment
__CF_USER_TEXT_ENCODING = 0x1F5:0x19:0x34
# environment
PYCHARM_VM_OPTIONS = /Users/grayson/Documents/ja-netfilter-all/vmoptions/pycharm.vmoptions
# environment
COMMAND_MODE = unix2003
# makefile (from `Makefile', line 4)
LDS = -L/Users/grayson/Dev/src/openssl/MacOS_10.14/openssl-1.1.1m/lib/ -lssl -lcrypto
# default
MAKEFILES := 
# automatic
<F = $(notdir $<)
# environment
LC_ALL = C
# automatic
^F = $(notdir $^)
# default
SUFFIXES := 
# default
.INCLUDE_DIRS = /usr/local/include
# environment
MAKELEVEL := 0
# environment
CLION_VM_OPTIONS = /Users/grayson/Documents/ja-netfilter-all/vmoptions/clion.vmoptions
# environment
LANG = C
# environment
VSCODE_PID = 1970
# variable set hash-table stats:
# Load=83/1024=8%, Rehash=0, Collisions=3/112=3%

# Pattern-specific Variable Values

# No pattern-specific variable values.

# Directories

# . (device 16777220, inode 599901570): 17 files, no impossibilities.

# 17 files, no impossibilities in 1 directories.

# Implicit Rules

# No implicit rules.

# Files

socket_ssl_io.o: socket_io.c
#  Implicit rule search has not been done.
#  Modification time never checked.
#  File has not been updated.
#  commands to execute (from `Makefile', line 22):
	$(SHLD) -c -o socket_ssl_io.o socket_io.c -Dssl_enable $(INCS) 
	

# Not a target:
example_ssl.c:
#  Implicit rule search has not been done.
#  Modification time never checked.
#  File has not been updated.

example: socket_io.o example.o
#  Implicit rule search has not been done.
#  Last modified 2022-08-16 07:31:58
#  File has been updated.
#  Needs to be updated (-q is set).
# variable set hash-table stats:
# Load=0/32=0%, Rehash=0, Collisions=0/5=0%
#  commands to execute (from `Makefile', line 10):
	$(SHLD) -o example example.o socket_io.o $(INCS) $(LDS) 
	

example.o: example.c
#  Implicit rule search has not been done.
#  Modification time never checked.
#  File has not been updated.
#  commands to execute (from `Makefile', line 16):
	$(SHLD) -c -o example.o example.c
	

all: example example_ssl
#  Command-line target.
#  Implicit rule search has been done.
#  File does not exist.
#  File has been updated.
#  Needs to be updated (-q is set).
# variable set hash-table stats:
# Load=0/32=0%, Rehash=0, Collisions=0/5=0%

# Not a target:
.SUFFIXES:
#  Implicit rule search has not been done.
#  Modification time never checked.
#  File has not been updated.

# Not a target:
Makefile:
#  Implicit rule search has been done.
#  Last modified 2022-08-16 08:35:49
#  File has been updated.
#  Successfully updated.
# variable set hash-table stats:
# Load=0/32=0%, Rehash=0, Collisions=0/0=0%

socket_io.o: socket_io.c
#  Implicit rule search has not been done.
#  Implicit/static pattern stem: `'
#  Last modified 2022-08-16 07:31:57
#  File has been updated.
#  Needs to be updated (-q is set).
# automatic
# @ := socket_io.o
# automatic
# % := 
# automatic
# * := 
# automatic
 
# + := socket_io.c
# automatic
# | := 
# automatic
# < := socket_io.c
# automatic
# ^ := socket_io.c
# automatic
# ? := socket_io.c
# variable set hash-table stats:
# Load=8/32=25%, Rehash=0, Collisions=1/13=8%
#  commands to execute (from `Makefile', line 18):
	$(SHLD) -c -o socket_io.o socket_io.c
	

# Not a target:
example.c:
#  Implicit rule search has not been done.
#  Modification time never checked.
#  File has not been updated.

# Not a target:
.DEFAULT:
#  Implicit rule search has not been done.
#  Modification time never checked.
#  File has not been updated.

clean:
#  Implicit rule search has not been done.
#  Modification time never checked.
#  File has not been updated.
#  commands to execute (from `Makefile', line 25):
	rm -rf *.o
	rm -rf example
	rm -rf example.dSYM
	rm -rf example_ssl
	rm -rf example_ssl.dSYM
	

example_ssl: example_ssl.o socket_ssl_io.o
#  Implicit rule search has not been done.
#  Modification time never checked.
#  File has not been updated.
#  commands to execute (from `Makefile', line 13):
	$(SHLD) -o example_ssl example_ssl.o socket_ssl_io.o -DSSL $(INCS) $(LDS) 
	

example_ssl.o: example_ssl.c
#  Implicit rule search has not been done.
#  Modification time never checked.
#  File has not been updated.
#  commands to execute (from `Makefile', line 20):
	$(SHLD) -c -o example_ssl.o example_ssl.c -Dssl_enable $(INCS) 
	

# Not a target:
socket_io.c:
#  Implicit rule search has been done.
#  Last modified 2022-08-16 09:58:57
#  File has been updated.
#  Successfully updated.
# variable set hash-table stats:
# Load=0/32=0%, Rehash=0, Collisions=0/0=0%

# files hash-table stats:
# Load=14/1024=1%, Rehash=0, Collisions=0/38=0%
# VPATH Search Paths

# No `vpath' search paths.

# No general (`VPATH' variable) search path.

# # of strings in strcache: 1
# # of strcache buffers: 1
# strcache size: total = 4096 / max = 4096 / min = 4096 / avg = 4096
# strcache free: total = 4087 / max = 4087 / min = 4087 / avg = 4087

# Finished Make data base on Tue Aug 16 10:05:13 2022

 
